{"E:\\CRUDSiswa-main\\CRUDSiswa-main\\backend-sekolah\\server.js": {"path":"E:\\CRUDSiswa-main\\CRUDSiswa-main\\backend-sekolah\\server.js","statementMap":{"0":{"start":{"line":1,"column":16},"end":{"line":1,"column":34}},"1":{"start":{"line":2,"column":13},"end":{"line":2,"column":28}},"2":{"start":{"line":3,"column":12},"end":{"line":3,"column":35}},"3":{"start":{"line":4,"column":15},"end":{"line":4,"column":35}},"4":{"start":{"line":7,"column":18},"end":{"line":7,"column":46}},"5":{"start":{"line":8,"column":89},"end":{"line":8,"column":108}},"6":{"start":{"line":11,"column":12},"end":{"line":11,"column":21}},"7":{"start":{"line":14,"column":0},"end":{"line":14,"column":16}},"8":{"start":{"line":16,"column":0},"end":{"line":16,"column":41}},"9":{"start":{"line":17,"column":0},"end":{"line":17,"column":63}},"10":{"start":{"line":19,"column":19},"end":{"line":19,"column":52}},"11":{"start":{"line":24,"column":0},"end":{"line":26,"column":3}},"12":{"start":{"line":25,"column":2},"end":{"line":25,"column":79}},"13":{"start":{"line":31,"column":0},"end":{"line":56,"column":70}},"14":{"start":{"line":33,"column":4},"end":{"line":33,"column":77}},"15":{"start":{"line":36,"column":23},"end":{"line":36,"column":41}},"16":{"start":{"line":38,"column":4},"end":{"line":54,"column":5}},"17":{"start":{"line":40,"column":23},"end":{"line":44,"column":8}},"18":{"start":{"line":47,"column":6},"end":{"line":50,"column":9}},"19":{"start":{"line":52,"column":6},"end":{"line":52,"column":80}},"20":{"start":{"line":53,"column":6},"end":{"line":53,"column":90}},"21":{"start":{"line":56,"column":16},"end":{"line":56,"column":68}},"22":{"start":{"line":62,"column":20},"end":{"line":74,"column":1}},"23":{"start":{"line":63,"column":23},"end":{"line":63,"column":51}},"24":{"start":{"line":64,"column":2},"end":{"line":73,"column":3}},"25":{"start":{"line":65,"column":18},"end":{"line":65,"column":44}},"26":{"start":{"line":66,"column":4},"end":{"line":70,"column":7}},"27":{"start":{"line":67,"column":6},"end":{"line":67,"column":94}},"28":{"start":{"line":67,"column":15},"end":{"line":67,"column":94}},"29":{"start":{"line":68,"column":6},"end":{"line":68,"column":25}},"30":{"start":{"line":69,"column":6},"end":{"line":69,"column":13}},"31":{"start":{"line":72,"column":4},"end":{"line":72,"column":79}},"32":{"start":{"line":81,"column":0},"end":{"line":131,"column":3}},"33":{"start":{"line":82,"column":2},"end":{"line":130,"column":3}},"34":{"start":{"line":83,"column":37},"end":{"line":83,"column":45}},"35":{"start":{"line":86,"column":17},"end":{"line":102,"column":6}},"36":{"start":{"line":104,"column":4},"end":{"line":127,"column":5}},"37":{"start":{"line":105,"column":23},"end":{"line":105,"column":36}},"38":{"start":{"line":108,"column":19},"end":{"line":108,"column":21}},"39":{"start":{"line":109,"column":6},"end":{"line":109,"column":79}},"40":{"start":{"line":109,"column":55},"end":{"line":109,"column":79}},"41":{"start":{"line":110,"column":6},"end":{"line":110,"column":76}},"42":{"start":{"line":110,"column":53},"end":{"line":110,"column":76}},"43":{"start":{"line":111,"column":6},"end":{"line":111,"column":79}},"44":{"start":{"line":111,"column":55},"end":{"line":111,"column":79}},"45":{"start":{"line":112,"column":6},"end":{"line":112,"column":82}},"46":{"start":{"line":112,"column":57},"end":{"line":112,"column":82}},"47":{"start":{"line":114,"column":24},"end":{"line":119,"column":7}},"48":{"start":{"line":121,"column":6},"end":{"line":121,"column":81}},"49":{"start":{"line":122,"column":20},"end":{"line":122,"column":105}},"50":{"start":{"line":124,"column":6},"end":{"line":124,"column":70}},"51":{"start":{"line":126,"column":6},"end":{"line":126,"column":82}},"52":{"start":{"line":129,"column":4},"end":{"line":129,"column":51}},"53":{"start":{"line":133,"column":0},"end":{"line":145,"column":3}},"54":{"start":{"line":134,"column":2},"end":{"line":144,"column":3}},"55":{"start":{"line":135,"column":41},"end":{"line":140,"column":6}},"56":{"start":{"line":141,"column":4},"end":{"line":141,"column":45}},"57":{"start":{"line":143,"column":4},"end":{"line":143,"column":51}},"58":{"start":{"line":152,"column":0},"end":{"line":194,"column":3}},"59":{"start":{"line":153,"column":23},"end":{"line":153,"column":50}},"60":{"start":{"line":154,"column":2},"end":{"line":154,"column":104}},"61":{"start":{"line":154,"column":45},"end":{"line":154,"column":104}},"62":{"start":{"line":156,"column":2},"end":{"line":193,"column":3}},"63":{"start":{"line":158,"column":18},"end":{"line":166,"column":6}},"64":{"start":{"line":169,"column":27},"end":{"line":188,"column":6}},"65":{"start":{"line":170,"column":23},"end":{"line":170,"column":33}},"66":{"start":{"line":171,"column":19},"end":{"line":171,"column":21}},"67":{"start":{"line":173,"column":6},"end":{"line":173,"column":79}},"68":{"start":{"line":173,"column":55},"end":{"line":173,"column":79}},"69":{"start":{"line":174,"column":6},"end":{"line":174,"column":76}},"70":{"start":{"line":174,"column":53},"end":{"line":174,"column":76}},"71":{"start":{"line":175,"column":6},"end":{"line":175,"column":82}},"72":{"start":{"line":175,"column":57},"end":{"line":175,"column":82}},"73":{"start":{"line":176,"column":6},"end":{"line":180,"column":7}},"74":{"start":{"line":177,"column":8},"end":{"line":177,"column":32}},"75":{"start":{"line":179,"column":8},"end":{"line":179,"column":90}},"76":{"start":{"line":182,"column":6},"end":{"line":187,"column":8}},"77":{"start":{"line":190,"column":4},"end":{"line":190,"column":29}},"78":{"start":{"line":192,"column":4},"end":{"line":192,"column":51}},"79":{"start":{"line":196,"column":0},"end":{"line":237,"column":3}},"80":{"start":{"line":197,"column":2},"end":{"line":197,"column":92}},"81":{"start":{"line":197,"column":33},"end":{"line":197,"column":92}},"82":{"start":{"line":200,"column":12},"end":{"line":200,"column":41}},"83":{"start":{"line":202,"column":2},"end":{"line":236,"column":3}},"84":{"start":{"line":203,"column":84},"end":{"line":203,"column":92}},"85":{"start":{"line":204,"column":26},"end":{"line":204,"column":62}},"86":{"start":{"line":207,"column":20},"end":{"line":211,"column":26}},"87":{"start":{"line":214,"column":4},"end":{"line":225,"column":5}},"88":{"start":{"line":215,"column":6},"end":{"line":215,"column":75}},"89":{"start":{"line":217,"column":9},"end":{"line":225,"column":5}},"90":{"start":{"line":218,"column":6},"end":{"line":218,"column":81}},"91":{"start":{"line":220,"column":9},"end":{"line":225,"column":5}},"92":{"start":{"line":221,"column":6},"end":{"line":221,"column":109}},"93":{"start":{"line":223,"column":9},"end":{"line":225,"column":5}},"94":{"start":{"line":224,"column":6},"end":{"line":224,"column":91}},"95":{"start":{"line":227,"column":4},"end":{"line":227,"column":21}},"96":{"start":{"line":228,"column":4},"end":{"line":228,"column":60}},"97":{"start":{"line":231,"column":4},"end":{"line":231,"column":23}},"98":{"start":{"line":232,"column":4},"end":{"line":234,"column":5}},"99":{"start":{"line":233,"column":6},"end":{"line":233,"column":104}},"100":{"start":{"line":235,"column":4},"end":{"line":235,"column":51}},"101":{"start":{"line":239,"column":0},"end":{"line":249,"column":3}},"102":{"start":{"line":240,"column":2},"end":{"line":248,"column":3}},"103":{"start":{"line":243,"column":20},"end":{"line":243,"column":72}},"104":{"start":{"line":244,"column":4},"end":{"line":244,"column":84}},"105":{"start":{"line":244,"column":18},"end":{"line":244,"column":84}},"106":{"start":{"line":245,"column":4},"end":{"line":245,"column":74}},"107":{"start":{"line":247,"column":4},"end":{"line":247,"column":77}},"108":{"start":{"line":256,"column":0},"end":{"line":275,"column":3}},"109":{"start":{"line":257,"column":2},"end":{"line":274,"column":3}},"110":{"start":{"line":259,"column":22},"end":{"line":270,"column":6}},"111":{"start":{"line":271,"column":4},"end":{"line":271,"column":24}},"112":{"start":{"line":273,"column":4},"end":{"line":273,"column":67}},"113":{"start":{"line":277,"column":0},"end":{"line":306,"column":3}},"114":{"start":{"line":278,"column":2},"end":{"line":278,"column":90}},"115":{"start":{"line":278,"column":33},"end":{"line":278,"column":90}},"116":{"start":{"line":279,"column":23},"end":{"line":279,"column":33}},"117":{"start":{"line":280,"column":45},"end":{"line":280,"column":53}},"118":{"start":{"line":282,"column":12},"end":{"line":282,"column":41}},"119":{"start":{"line":283,"column":2},"end":{"line":305,"column":3}},"120":{"start":{"line":284,"column":4},"end":{"line":287,"column":6}},"121":{"start":{"line":289,"column":4},"end":{"line":289,"column":73}},"122":{"start":{"line":291,"column":4},"end":{"line":298,"column":5}},"123":{"start":{"line":292,"column":27},"end":{"line":296,"column":9}},"124":{"start":{"line":292,"column":53},"end":{"line":296,"column":7}},"125":{"start":{"line":297,"column":6},"end":{"line":297,"column":71}},"126":{"start":{"line":300,"column":4},"end":{"line":300,"column":21}},"127":{"start":{"line":301,"column":4},"end":{"line":301,"column":66}},"128":{"start":{"line":303,"column":4},"end":{"line":303,"column":23}},"129":{"start":{"line":304,"column":4},"end":{"line":304,"column":83}},"130":{"start":{"line":313,"column":0},"end":{"line":337,"column":3}},"131":{"start":{"line":314,"column":2},"end":{"line":314,"column":120}},"132":{"start":{"line":314,"column":61},"end":{"line":314,"column":120}},"133":{"start":{"line":316,"column":55},"end":{"line":316,"column":63}},"134":{"start":{"line":318,"column":2},"end":{"line":336,"column":3}},"135":{"start":{"line":319,"column":30},"end":{"line":327,"column":7}},"136":{"start":{"line":319,"column":54},"end":{"line":327,"column":5}},"137":{"start":{"line":329,"column":4},"end":{"line":331,"column":7}},"138":{"start":{"line":333,"column":4},"end":{"line":333,"column":71}},"139":{"start":{"line":335,"column":4},"end":{"line":335,"column":81}},"140":{"start":{"line":340,"column":0},"end":{"line":360,"column":3}},"141":{"start":{"line":341,"column":2},"end":{"line":341,"column":92}},"142":{"start":{"line":341,"column":33},"end":{"line":341,"column":92}},"143":{"start":{"line":343,"column":38},"end":{"line":343,"column":46}},"144":{"start":{"line":344,"column":2},"end":{"line":346,"column":3}},"145":{"start":{"line":345,"column":4},"end":{"line":345,"column":97}},"146":{"start":{"line":348,"column":2},"end":{"line":359,"column":3}},"147":{"start":{"line":351,"column":27},"end":{"line":354,"column":5}},"148":{"start":{"line":356,"column":4},"end":{"line":356,"column":101}},"149":{"start":{"line":358,"column":4},"end":{"line":358,"column":71}},"150":{"start":{"line":362,"column":0},"end":{"line":367,"column":3}},"151":{"start":{"line":363,"column":2},"end":{"line":366,"column":5}},"152":{"start":{"line":371,"column":13},"end":{"line":371,"column":17}},"153":{"start":{"line":373,"column":0},"end":{"line":377,"column":1}},"154":{"start":{"line":374,"column":2},"end":{"line":376,"column":5}},"155":{"start":{"line":375,"column":4},"end":{"line":375,"column":73}},"156":{"start":{"line":380,"column":0},"end":{"line":380,"column":21}}},"fnMap":{"0":{"name":"(anonymous_0)","decl":{"start":{"line":24,"column":30},"end":{"line":24,"column":31}},"loc":{"start":{"line":24,"column":44},"end":{"line":26,"column":1}},"line":24},"1":{"name":"(anonymous_1)","decl":{"start":{"line":32,"column":8},"end":{"line":32,"column":9}},"loc":{"start":{"line":32,"column":20},"end":{"line":55,"column":3}},"line":32},"2":{"name":"(anonymous_2)","decl":{"start":{"line":56,"column":9},"end":{"line":56,"column":10}},"loc":{"start":{"line":56,"column":16},"end":{"line":56,"column":68}},"line":56},"3":{"name":"(anonymous_3)","decl":{"start":{"line":62,"column":20},"end":{"line":62,"column":21}},"loc":{"start":{"line":62,"column":40},"end":{"line":74,"column":1}},"line":62},"4":{"name":"(anonymous_4)","decl":{"start":{"line":66,"column":34},"end":{"line":66,"column":35}},"loc":{"start":{"line":66,"column":52},"end":{"line":70,"column":5}},"line":66},"5":{"name":"(anonymous_5)","decl":{"start":{"line":81,"column":23},"end":{"line":81,"column":24}},"loc":{"start":{"line":81,"column":43},"end":{"line":131,"column":1}},"line":81},"6":{"name":"(anonymous_6)","decl":{"start":{"line":133,"column":45},"end":{"line":133,"column":46}},"loc":{"start":{"line":133,"column":65},"end":{"line":145,"column":1}},"line":133},"7":{"name":"(anonymous_7)","decl":{"start":{"line":152,"column":35},"end":{"line":152,"column":36}},"loc":{"start":{"line":152,"column":55},"end":{"line":194,"column":1}},"line":152},"8":{"name":"(anonymous_8)","decl":{"start":{"line":169,"column":37},"end":{"line":169,"column":38}},"loc":{"start":{"line":169,"column":42},"end":{"line":188,"column":5}},"line":169},"9":{"name":"(anonymous_9)","decl":{"start":{"line":196,"column":36},"end":{"line":196,"column":37}},"loc":{"start":{"line":196,"column":56},"end":{"line":237,"column":1}},"line":196},"10":{"name":"(anonymous_10)","decl":{"start":{"line":239,"column":42},"end":{"line":239,"column":43}},"loc":{"start":{"line":239,"column":62},"end":{"line":249,"column":1}},"line":239},"11":{"name":"(anonymous_11)","decl":{"start":{"line":256,"column":35},"end":{"line":256,"column":36}},"loc":{"start":{"line":256,"column":55},"end":{"line":275,"column":1}},"line":256},"12":{"name":"(anonymous_12)","decl":{"start":{"line":277,"column":55},"end":{"line":277,"column":56}},"loc":{"start":{"line":277,"column":75},"end":{"line":306,"column":1}},"line":277},"13":{"name":"(anonymous_13)","decl":{"start":{"line":292,"column":47},"end":{"line":292,"column":48}},"loc":{"start":{"line":292,"column":53},"end":{"line":296,"column":7}},"line":292},"14":{"name":"(anonymous_14)","decl":{"start":{"line":313,"column":41},"end":{"line":313,"column":42}},"loc":{"start":{"line":313,"column":61},"end":{"line":337,"column":1}},"line":313},"15":{"name":"(anonymous_15)","decl":{"start":{"line":319,"column":45},"end":{"line":319,"column":46}},"loc":{"start":{"line":319,"column":54},"end":{"line":327,"column":5}},"line":319},"16":{"name":"(anonymous_16)","decl":{"start":{"line":340,"column":49},"end":{"line":340,"column":50}},"loc":{"start":{"line":340,"column":69},"end":{"line":360,"column":1}},"line":340},"17":{"name":"(anonymous_17)","decl":{"start":{"line":362,"column":26},"end":{"line":362,"column":27}},"loc":{"start":{"line":362,"column":40},"end":{"line":367,"column":1}},"line":362},"18":{"name":"(anonymous_18)","decl":{"start":{"line":374,"column":19},"end":{"line":374,"column":20}},"loc":{"start":{"line":374,"column":25},"end":{"line":376,"column":3}},"line":374}},"branchMap":{"0":{"loc":{"start":{"line":38,"column":4},"end":{"line":54,"column":5}},"type":"if","locations":[{"start":{"line":38,"column":4},"end":{"line":54,"column":5}},{"start":{},"end":{}}],"line":38},"1":{"loc":{"start":{"line":64,"column":2},"end":{"line":73,"column":3}},"type":"if","locations":[{"start":{"line":64,"column":2},"end":{"line":73,"column":3}},{"start":{"line":71,"column":9},"end":{"line":73,"column":3}}],"line":64},"2":{"loc":{"start":{"line":67,"column":6},"end":{"line":67,"column":94}},"type":"if","locations":[{"start":{"line":67,"column":6},"end":{"line":67,"column":94}},{"start":{},"end":{}}],"line":67},"3":{"loc":{"start":{"line":104,"column":4},"end":{"line":127,"column":5}},"type":"if","locations":[{"start":{"line":104,"column":4},"end":{"line":127,"column":5}},{"start":{"line":125,"column":11},"end":{"line":127,"column":5}}],"line":104},"4":{"loc":{"start":{"line":109,"column":6},"end":{"line":109,"column":79}},"type":"if","locations":[{"start":{"line":109,"column":6},"end":{"line":109,"column":79}},{"start":{},"end":{}}],"line":109},"5":{"loc":{"start":{"line":109,"column":10},"end":{"line":109,"column":53}},"type":"binary-expr","locations":[{"start":{"line":109,"column":10},"end":{"line":109,"column":35}},{"start":{"line":109,"column":39},"end":{"line":109,"column":53}}],"line":109},"6":{"loc":{"start":{"line":110,"column":6},"end":{"line":110,"column":76}},"type":"if","locations":[{"start":{"line":110,"column":6},"end":{"line":110,"column":76}},{"start":{},"end":{}}],"line":110},"7":{"loc":{"start":{"line":110,"column":10},"end":{"line":110,"column":51}},"type":"binary-expr","locations":[{"start":{"line":110,"column":10},"end":{"line":110,"column":34}},{"start":{"line":110,"column":38},"end":{"line":110,"column":51}}],"line":110},"8":{"loc":{"start":{"line":111,"column":6},"end":{"line":111,"column":79}},"type":"if","locations":[{"start":{"line":111,"column":6},"end":{"line":111,"column":79}},{"start":{},"end":{}}],"line":111},"9":{"loc":{"start":{"line":111,"column":10},"end":{"line":111,"column":53}},"type":"binary-expr","locations":[{"start":{"line":111,"column":10},"end":{"line":111,"column":35}},{"start":{"line":111,"column":39},"end":{"line":111,"column":53}}],"line":111},"10":{"loc":{"start":{"line":112,"column":6},"end":{"line":112,"column":82}},"type":"if","locations":[{"start":{"line":112,"column":6},"end":{"line":112,"column":82}},{"start":{},"end":{}}],"line":112},"11":{"loc":{"start":{"line":112,"column":10},"end":{"line":112,"column":55}},"type":"binary-expr","locations":[{"start":{"line":112,"column":10},"end":{"line":112,"column":36}},{"start":{"line":112,"column":40},"end":{"line":112,"column":55}}],"line":112},"12":{"loc":{"start":{"line":121,"column":43},"end":{"line":121,"column":79}},"type":"binary-expr","locations":[{"start":{"line":121,"column":43},"end":{"line":121,"column":57}},{"start":{"line":121,"column":61},"end":{"line":121,"column":79}}],"line":121},"13":{"loc":{"start":{"line":154,"column":2},"end":{"line":154,"column":104}},"type":"if","locations":[{"start":{"line":154,"column":2},"end":{"line":154,"column":104}},{"start":{},"end":{}}],"line":154},"14":{"loc":{"start":{"line":173,"column":6},"end":{"line":173,"column":79}},"type":"if","locations":[{"start":{"line":173,"column":6},"end":{"line":173,"column":79}},{"start":{},"end":{}}],"line":173},"15":{"loc":{"start":{"line":173,"column":10},"end":{"line":173,"column":53}},"type":"binary-expr","locations":[{"start":{"line":173,"column":10},"end":{"line":173,"column":35}},{"start":{"line":173,"column":39},"end":{"line":173,"column":53}}],"line":173},"16":{"loc":{"start":{"line":174,"column":6},"end":{"line":174,"column":76}},"type":"if","locations":[{"start":{"line":174,"column":6},"end":{"line":174,"column":76}},{"start":{},"end":{}}],"line":174},"17":{"loc":{"start":{"line":174,"column":10},"end":{"line":174,"column":51}},"type":"binary-expr","locations":[{"start":{"line":174,"column":10},"end":{"line":174,"column":34}},{"start":{"line":174,"column":38},"end":{"line":174,"column":51}}],"line":174},"18":{"loc":{"start":{"line":175,"column":6},"end":{"line":175,"column":82}},"type":"if","locations":[{"start":{"line":175,"column":6},"end":{"line":175,"column":82}},{"start":{},"end":{}}],"line":175},"19":{"loc":{"start":{"line":175,"column":10},"end":{"line":175,"column":55}},"type":"binary-expr","locations":[{"start":{"line":175,"column":10},"end":{"line":175,"column":36}},{"start":{"line":175,"column":40},"end":{"line":175,"column":55}}],"line":175},"20":{"loc":{"start":{"line":176,"column":6},"end":{"line":180,"column":7}},"type":"if","locations":[{"start":{"line":176,"column":6},"end":{"line":180,"column":7}},{"start":{},"end":{}}],"line":176},"21":{"loc":{"start":{"line":176,"column":10},"end":{"line":176,"column":53}},"type":"binary-expr","locations":[{"start":{"line":176,"column":10},"end":{"line":176,"column":35}},{"start":{"line":176,"column":39},"end":{"line":176,"column":53}}],"line":176},"22":{"loc":{"start":{"line":179,"column":28},"end":{"line":179,"column":89}},"type":"cond-expr","locations":[{"start":{"line":179,"column":51},"end":{"line":179,"column":82}},{"start":{"line":179,"column":85},"end":{"line":179,"column":89}}],"line":179},"23":{"loc":{"start":{"line":197,"column":2},"end":{"line":197,"column":92}},"type":"if","locations":[{"start":{"line":197,"column":2},"end":{"line":197,"column":92}},{"start":{},"end":{}}],"line":197},"24":{"loc":{"start":{"line":204,"column":26},"end":{"line":204,"column":62}},"type":"cond-expr","locations":[{"start":{"line":204,"column":47},"end":{"line":204,"column":51}},{"start":{"line":204,"column":54},"end":{"line":204,"column":62}}],"line":204},"25":{"loc":{"start":{"line":214,"column":4},"end":{"line":225,"column":5}},"type":"if","locations":[{"start":{"line":214,"column":4},"end":{"line":225,"column":5}},{"start":{"line":217,"column":9},"end":{"line":225,"column":5}}],"line":214},"26":{"loc":{"start":{"line":217,"column":9},"end":{"line":225,"column":5}},"type":"if","locations":[{"start":{"line":217,"column":9},"end":{"line":225,"column":5}},{"start":{"line":220,"column":9},"end":{"line":225,"column":5}}],"line":217},"27":{"loc":{"start":{"line":220,"column":9},"end":{"line":225,"column":5}},"type":"if","locations":[{"start":{"line":220,"column":9},"end":{"line":225,"column":5}},{"start":{"line":223,"column":9},"end":{"line":225,"column":5}}],"line":220},"28":{"loc":{"start":{"line":223,"column":9},"end":{"line":225,"column":5}},"type":"if","locations":[{"start":{"line":223,"column":9},"end":{"line":225,"column":5}},{"start":{},"end":{}}],"line":223},"29":{"loc":{"start":{"line":232,"column":4},"end":{"line":234,"column":5}},"type":"if","locations":[{"start":{"line":232,"column":4},"end":{"line":234,"column":5}},{"start":{},"end":{}}],"line":232},"30":{"loc":{"start":{"line":244,"column":4},"end":{"line":244,"column":84}},"type":"if","locations":[{"start":{"line":244,"column":4},"end":{"line":244,"column":84}},{"start":{},"end":{}}],"line":244},"31":{"loc":{"start":{"line":278,"column":2},"end":{"line":278,"column":90}},"type":"if","locations":[{"start":{"line":278,"column":2},"end":{"line":278,"column":90}},{"start":{},"end":{}}],"line":278},"32":{"loc":{"start":{"line":285,"column":23},"end":{"line":285,"column":44}},"type":"binary-expr","locations":[{"start":{"line":285,"column":23},"end":{"line":285,"column":36}},{"start":{"line":285,"column":40},"end":{"line":285,"column":44}}],"line":285},"33":{"loc":{"start":{"line":291,"column":4},"end":{"line":298,"column":5}},"type":"if","locations":[{"start":{"line":291,"column":4},"end":{"line":298,"column":5}},{"start":{},"end":{}}],"line":291},"34":{"loc":{"start":{"line":291,"column":8},"end":{"line":291,"column":53}},"type":"binary-expr","locations":[{"start":{"line":291,"column":8},"end":{"line":291,"column":23}},{"start":{"line":291,"column":27},"end":{"line":291,"column":53}}],"line":291},"35":{"loc":{"start":{"line":314,"column":2},"end":{"line":314,"column":120}},"type":"if","locations":[{"start":{"line":314,"column":2},"end":{"line":314,"column":120}},{"start":{},"end":{}}],"line":314},"36":{"loc":{"start":{"line":314,"column":6},"end":{"line":314,"column":59}},"type":"binary-expr","locations":[{"start":{"line":314,"column":6},"end":{"line":314,"column":30}},{"start":{"line":314,"column":34},"end":{"line":314,"column":59}}],"line":314},"37":{"loc":{"start":{"line":324,"column":20},"end":{"line":324,"column":42}},"type":"binary-expr","locations":[{"start":{"line":324,"column":20},"end":{"line":324,"column":37}},{"start":{"line":324,"column":41},"end":{"line":324,"column":42}}],"line":324},"38":{"loc":{"start":{"line":325,"column":17},"end":{"line":325,"column":36}},"type":"binary-expr","locations":[{"start":{"line":325,"column":17},"end":{"line":325,"column":31}},{"start":{"line":325,"column":35},"end":{"line":325,"column":36}}],"line":325},"39":{"loc":{"start":{"line":326,"column":17},"end":{"line":326,"column":36}},"type":"binary-expr","locations":[{"start":{"line":326,"column":17},"end":{"line":326,"column":31}},{"start":{"line":326,"column":35},"end":{"line":326,"column":36}}],"line":326},"40":{"loc":{"start":{"line":341,"column":2},"end":{"line":341,"column":92}},"type":"if","locations":[{"start":{"line":341,"column":2},"end":{"line":341,"column":92}},{"start":{},"end":{}}],"line":341},"41":{"loc":{"start":{"line":344,"column":2},"end":{"line":346,"column":3}},"type":"if","locations":[{"start":{"line":344,"column":2},"end":{"line":346,"column":3}},{"start":{},"end":{}}],"line":344},"42":{"loc":{"start":{"line":344,"column":6},"end":{"line":344,"column":53}},"type":"binary-expr","locations":[{"start":{"line":344,"column":6},"end":{"line":344,"column":15}},{"start":{"line":344,"column":19},"end":{"line":344,"column":35}},{"start":{"line":344,"column":39},"end":{"line":344,"column":53}}],"line":344},"43":{"loc":{"start":{"line":373,"column":0},"end":{"line":377,"column":1}},"type":"if","locations":[{"start":{"line":373,"column":0},"end":{"line":377,"column":1}},{"start":{},"end":{}}],"line":373}},"s":{"0":1,"1":1,"2":1,"3":1,"4":1,"5":1,"6":1,"7":1,"8":1,"9":1,"10":1,"11":1,"12":0,"13":1,"14":0,"15":0,"16":0,"17":0,"18":0,"19":0,"20":0,"21":1,"22":1,"23":9,"24":9,"25":6,"26":6,"27":6,"28":0,"29":6,"30":6,"31":3,"32":1,"33":2,"34":2,"35":2,"36":2,"37":1,"38":1,"39":1,"40":1,"41":1,"42":0,"43":1,"44":0,"45":1,"46":0,"47":1,"48":1,"49":1,"50":1,"51":1,"52":0,"53":1,"54":0,"55":0,"56":0,"57":0,"58":1,"59":2,"60":2,"61":0,"62":2,"63":2,"64":2,"65":4,"66":4,"67":4,"68":2,"69":4,"70":0,"71":4,"72":0,"73":4,"74":2,"75":2,"76":4,"77":2,"78":0,"79":1,"80":2,"81":0,"82":2,"83":2,"84":2,"85":2,"86":2,"87":1,"88":0,"89":1,"90":0,"91":1,"92":0,"93":1,"94":1,"95":1,"96":1,"97":1,"98":1,"99":1,"100":0,"101":1,"102":1,"103":1,"104":1,"105":0,"106":1,"107":0,"108":1,"109":0,"110":0,"111":0,"112":0,"113":1,"114":0,"115":0,"116":0,"117":0,"118":0,"119":0,"120":0,"121":0,"122":0,"123":0,"124":0,"125":0,"126":0,"127":0,"128":0,"129":0,"130":1,"131":0,"132":0,"133":0,"134":0,"135":0,"136":0,"137":0,"138":0,"139":0,"140":1,"141":1,"142":0,"143":1,"144":1,"145":1,"146":0,"147":0,"148":0,"149":0,"150":1,"151":0,"152":1,"153":1,"154":0,"155":0,"156":1},"f":{"0":0,"1":0,"2":1,"3":9,"4":6,"5":2,"6":0,"7":2,"8":4,"9":2,"10":1,"11":0,"12":0,"13":0,"14":0,"15":0,"16":1,"17":0,"18":0},"b":{"0":[0,0],"1":[6,3],"2":[0,6],"3":[1,1],"4":[1,0],"5":[1,1],"6":[0,1],"7":[1,0],"8":[0,1],"9":[1,0],"10":[0,1],"11":[1,0],"12":[1,0],"13":[0,2],"14":[2,2],"15":[4,2],"16":[0,4],"17":[4,0],"18":[0,4],"19":[4,0],"20":[2,2],"21":[4,2],"22":[0,2],"23":[0,2],"24":[2,0],"25":[0,1],"26":[0,1],"27":[0,1],"28":[1,0],"29":[1,0],"30":[0,1],"31":[0,0],"32":[0,0],"33":[0,0],"34":[0,0],"35":[0,0],"36":[0,0],"37":[0,0],"38":[0,0],"39":[0,0],"40":[0,1],"41":[1,0],"42":[1,1,0],"43":[0,1]},"_coverageSchema":"1a1c01bbd47fc00a2c39e90264f33305004495a9","hash":"bc4abb4475ff46c06a7f4eadb1ee317a80d7a95d"}
,"E:\\CRUDSiswa-main\\CRUDSiswa-main\\backend-sekolah\\config\\database.js": {"path":"E:\\CRUDSiswa-main\\CRUDSiswa-main\\backend-sekolah\\config\\database.js","statementMap":{"0":{"start":{"line":2,"column":22},"end":{"line":2,"column":42}},"1":{"start":{"line":5,"column":18},"end":{"line":9,"column":2}},"2":{"start":{"line":12,"column":0},"end":{"line":14,"column":77}},"3":{"start":{"line":13,"column":16},"end":{"line":13,"column":58}},"4":{"start":{"line":14,"column":18},"end":{"line":14,"column":75}},"5":{"start":{"line":16,"column":0},"end":{"line":16,"column":27}}},"fnMap":{"0":{"name":"(anonymous_0)","decl":{"start":{"line":13,"column":10},"end":{"line":13,"column":11}},"loc":{"start":{"line":13,"column":16},"end":{"line":13,"column":58}},"line":13},"1":{"name":"(anonymous_1)","decl":{"start":{"line":14,"column":11},"end":{"line":14,"column":12}},"loc":{"start":{"line":14,"column":18},"end":{"line":14,"column":75}},"line":14}},"branchMap":{},"s":{"0":1,"1":1,"2":1,"3":1,"4":0,"5":1},"f":{"0":1,"1":0},"b":{},"_coverageSchema":"1a1c01bbd47fc00a2c39e90264f33305004495a9","hash":"601d7596004730b3fc26148230940e9dbf8ec5e9"}
,"E:\\CRUDSiswa-main\\CRUDSiswa-main\\backend-sekolah\\models\\Admin.js": {"path":"E:\\CRUDSiswa-main\\CRUDSiswa-main\\backend-sekolah\\models\\Admin.js","statementMap":{"0":{"start":{"line":2,"column":22},"end":{"line":2,"column":42}},"1":{"start":{"line":3,"column":18},"end":{"line":3,"column":47}},"2":{"start":{"line":5,"column":14},"end":{"line":11,"column":46}},"3":{"start":{"line":13,"column":0},"end":{"line":13,"column":23}}},"fnMap":{},"branchMap":{},"s":{"0":1,"1":1,"2":1,"3":1},"f":{},"b":{},"_coverageSchema":"1a1c01bbd47fc00a2c39e90264f33305004495a9","hash":"c1413eb49769abd9b423ee54cdf4261832d96c49"}
,"E:\\CRUDSiswa-main\\CRUDSiswa-main\\backend-sekolah\\models\\Guru.js": {"path":"E:\\CRUDSiswa-main\\CRUDSiswa-main\\backend-sekolah\\models\\Guru.js","statementMap":{"0":{"start":{"line":2,"column":22},"end":{"line":2,"column":42}},"1":{"start":{"line":3,"column":18},"end":{"line":3,"column":47}},"2":{"start":{"line":5,"column":13},"end":{"line":15,"column":45}},"3":{"start":{"line":17,"column":0},"end":{"line":17,"column":22}}},"fnMap":{},"branchMap":{},"s":{"0":1,"1":1,"2":1,"3":1},"f":{},"b":{},"_coverageSchema":"1a1c01bbd47fc00a2c39e90264f33305004495a9","hash":"98e572bfd73a13a56eb3ec989e6552d85cb6d054"}
,"E:\\CRUDSiswa-main\\CRUDSiswa-main\\backend-sekolah\\models\\Kelas.js": {"path":"E:\\CRUDSiswa-main\\CRUDSiswa-main\\backend-sekolah\\models\\Kelas.js","statementMap":{"0":{"start":{"line":1,"column":22},"end":{"line":1,"column":42}},"1":{"start":{"line":2,"column":18},"end":{"line":2,"column":47}},"2":{"start":{"line":4,"column":14},"end":{"line":21,"column":2}},"3":{"start":{"line":23,"column":0},"end":{"line":23,"column":23}}},"fnMap":{},"branchMap":{},"s":{"0":1,"1":1,"2":1,"3":1},"f":{},"b":{},"_coverageSchema":"1a1c01bbd47fc00a2c39e90264f33305004495a9","hash":"36284457de82426f974751233c57c5ef9de5e75a"}
,"E:\\CRUDSiswa-main\\CRUDSiswa-main\\backend-sekolah\\models\\Kepsek.js": {"path":"E:\\CRUDSiswa-main\\CRUDSiswa-main\\backend-sekolah\\models\\Kepsek.js","statementMap":{"0":{"start":{"line":2,"column":22},"end":{"line":2,"column":42}},"1":{"start":{"line":3,"column":18},"end":{"line":3,"column":47}},"2":{"start":{"line":5,"column":15},"end":{"line":12,"column":47}},"3":{"start":{"line":14,"column":0},"end":{"line":14,"column":24}}},"fnMap":{},"branchMap":{},"s":{"0":1,"1":1,"2":1,"3":1},"f":{},"b":{},"_coverageSchema":"1a1c01bbd47fc00a2c39e90264f33305004495a9","hash":"6ec37c023e1835714c4548a3dc420b1c8cf4a35a"}
,"E:\\CRUDSiswa-main\\CRUDSiswa-main\\backend-sekolah\\models\\MataPelajaran.js": {"path":"E:\\CRUDSiswa-main\\CRUDSiswa-main\\backend-sekolah\\models\\MataPelajaran.js","statementMap":{"0":{"start":{"line":1,"column":22},"end":{"line":1,"column":42}},"1":{"start":{"line":2,"column":18},"end":{"line":2,"column":47}},"2":{"start":{"line":4,"column":22},"end":{"line":21,"column":2}},"3":{"start":{"line":23,"column":0},"end":{"line":23,"column":31}}},"fnMap":{},"branchMap":{},"s":{"0":1,"1":1,"2":1,"3":1},"f":{},"b":{},"_coverageSchema":"1a1c01bbd47fc00a2c39e90264f33305004495a9","hash":"31b38f0fc94b97400d6918d4d41443762eda3ecb"}
,"E:\\CRUDSiswa-main\\CRUDSiswa-main\\backend-sekolah\\models\\Nilai.js": {"path":"E:\\CRUDSiswa-main\\CRUDSiswa-main\\backend-sekolah\\models\\Nilai.js","statementMap":{"0":{"start":{"line":1,"column":22},"end":{"line":1,"column":42}},"1":{"start":{"line":2,"column":18},"end":{"line":2,"column":47}},"2":{"start":{"line":4,"column":14},"end":{"line":36,"column":2}},"3":{"start":{"line":38,"column":0},"end":{"line":38,"column":23}}},"fnMap":{},"branchMap":{},"s":{"0":1,"1":1,"2":1,"3":1},"f":{},"b":{},"_coverageSchema":"1a1c01bbd47fc00a2c39e90264f33305004495a9","hash":"e509098607b6424ceec6fafc634859226ec2c0ef"}
,"E:\\CRUDSiswa-main\\CRUDSiswa-main\\backend-sekolah\\models\\PenugasanGuru.js": {"path":"E:\\CRUDSiswa-main\\CRUDSiswa-main\\backend-sekolah\\models\\PenugasanGuru.js","statementMap":{"0":{"start":{"line":1,"column":22},"end":{"line":1,"column":42}},"1":{"start":{"line":2,"column":18},"end":{"line":2,"column":47}},"2":{"start":{"line":4,"column":22},"end":{"line":25,"column":2}},"3":{"start":{"line":27,"column":0},"end":{"line":27,"column":31}}},"fnMap":{},"branchMap":{},"s":{"0":1,"1":1,"2":1,"3":1},"f":{},"b":{},"_coverageSchema":"1a1c01bbd47fc00a2c39e90264f33305004495a9","hash":"e7d8cb92f24edd17e8ddee917c21795f7f659525"}
,"E:\\CRUDSiswa-main\\CRUDSiswa-main\\backend-sekolah\\models\\Siswa.js": {"path":"E:\\CRUDSiswa-main\\CRUDSiswa-main\\backend-sekolah\\models\\Siswa.js","statementMap":{"0":{"start":{"line":2,"column":22},"end":{"line":2,"column":42}},"1":{"start":{"line":3,"column":18},"end":{"line":3,"column":47}},"2":{"start":{"line":5,"column":14},"end":{"line":15,"column":46}},"3":{"start":{"line":17,"column":0},"end":{"line":17,"column":23}}},"fnMap":{},"branchMap":{},"s":{"0":1,"1":1,"2":1,"3":1},"f":{},"b":{},"_coverageSchema":"1a1c01bbd47fc00a2c39e90264f33305004495a9","hash":"fa026ff55287cc97d864fcffb2a0beea526424f3"}
,"E:\\CRUDSiswa-main\\CRUDSiswa-main\\backend-sekolah\\models\\User.js": {"path":"E:\\CRUDSiswa-main\\CRUDSiswa-main\\backend-sekolah\\models\\User.js","statementMap":{"0":{"start":{"line":2,"column":22},"end":{"line":2,"column":42}},"1":{"start":{"line":3,"column":18},"end":{"line":3,"column":47}},"2":{"start":{"line":5,"column":13},"end":{"line":13,"column":44}},"3":{"start":{"line":15,"column":0},"end":{"line":15,"column":22}}},"fnMap":{},"branchMap":{},"s":{"0":1,"1":1,"2":1,"3":1},"f":{},"b":{},"_coverageSchema":"1a1c01bbd47fc00a2c39e90264f33305004495a9","hash":"b703432c7274e63545eaeb18cb144f746aafecc3"}
,"E:\\CRUDSiswa-main\\CRUDSiswa-main\\backend-sekolah\\models\\index.js": {"path":"E:\\CRUDSiswa-main\\CRUDSiswa-main\\backend-sekolah\\models\\index.js","statementMap":{"0":{"start":{"line":1,"column":13},"end":{"line":1,"column":30}},"1":{"start":{"line":2,"column":14},"end":{"line":2,"column":32}},"2":{"start":{"line":3,"column":13},"end":{"line":3,"column":30}},"3":{"start":{"line":4,"column":14},"end":{"line":4,"column":32}},"4":{"start":{"line":5,"column":15},"end":{"line":5,"column":34}},"5":{"start":{"line":6,"column":14},"end":{"line":6,"column":32}},"6":{"start":{"line":7,"column":22},"end":{"line":7,"column":48}},"7":{"start":{"line":8,"column":22},"end":{"line":8,"column":48}},"8":{"start":{"line":9,"column":14},"end":{"line":9,"column":32}},"9":{"start":{"line":14,"column":0},"end":{"line":14,"column":66}},"10":{"start":{"line":15,"column":0},"end":{"line":15,"column":48}},"11":{"start":{"line":17,"column":0},"end":{"line":17,"column":65}},"12":{"start":{"line":18,"column":0},"end":{"line":18,"column":47}},"13":{"start":{"line":20,"column":0},"end":{"line":20,"column":66}},"14":{"start":{"line":21,"column":0},"end":{"line":21,"column":48}},"15":{"start":{"line":23,"column":0},"end":{"line":23,"column":67}},"16":{"start":{"line":24,"column":0},"end":{"line":24,"column":49}},"17":{"start":{"line":31,"column":0},"end":{"line":31,"column":68}},"18":{"start":{"line":32,"column":0},"end":{"line":32,"column":64}},"19":{"start":{"line":39,"column":0},"end":{"line":39,"column":70}},"20":{"start":{"line":40,"column":0},"end":{"line":40,"column":72}},"21":{"start":{"line":46,"column":0},"end":{"line":46,"column":59}},"22":{"start":{"line":47,"column":0},"end":{"line":47,"column":74}},"23":{"start":{"line":49,"column":0},"end":{"line":49,"column":69}},"24":{"start":{"line":50,"column":0},"end":{"line":50,"column":72}},"25":{"start":{"line":52,"column":0},"end":{"line":52,"column":88}},"26":{"start":{"line":53,"column":0},"end":{"line":53,"column":65}},"27":{"start":{"line":59,"column":0},"end":{"line":59,"column":64}},"28":{"start":{"line":60,"column":0},"end":{"line":60,"column":68}},"29":{"start":{"line":62,"column":0},"end":{"line":62,"column":64}},"30":{"start":{"line":63,"column":0},"end":{"line":63,"column":49}},"31":{"start":{"line":65,"column":0},"end":{"line":65,"column":80}},"32":{"start":{"line":66,"column":0},"end":{"line":66,"column":57}},"33":{"start":{"line":72,"column":0},"end":{"line":82,"column":2}}},"fnMap":{},"branchMap":{},"s":{"0":1,"1":1,"2":1,"3":1,"4":1,"5":1,"6":1,"7":1,"8":1,"9":1,"10":1,"11":1,"12":1,"13":1,"14":1,"15":1,"16":1,"17":1,"18":1,"19":1,"20":1,"21":1,"22":1,"23":1,"24":1,"25":1,"26":1,"27":1,"28":1,"29":1,"30":1,"31":1,"32":1,"33":1},"f":{},"b":{},"_coverageSchema":"1a1c01bbd47fc00a2c39e90264f33305004495a9","hash":"5567ad37f8b2236bebf6fce718bab0ebd4bb6ccc"}
}
