TN:
SF:server.js
FN:24,(anonymous_0)
FN:32,(anonymous_1)
FN:56,(anonymous_2)
FN:62,(anonymous_3)
FN:66,(anonymous_4)
FN:81,(anonymous_5)
FN:133,(anonymous_6)
FN:152,(anonymous_7)
FN:169,(anonymous_8)
FN:196,(anonymous_9)
FN:239,(anonymous_10)
FN:256,(anonymous_11)
FN:277,(anonymous_12)
FN:292,(anonymous_13)
FN:313,(anonymous_14)
FN:319,(anonymous_15)
FN:340,(anonymous_16)
FN:362,(anonymous_17)
FN:374,(anonymous_18)
FNF:19
FNH:9
FNDA:0,(anonymous_0)
FNDA:0,(anonymous_1)
FNDA:1,(anonymous_2)
FNDA:9,(anonymous_3)
FNDA:6,(anonymous_4)
FNDA:2,(anonymous_5)
FNDA:0,(anonymous_6)
FNDA:2,(anonymous_7)
FNDA:4,(anonymous_8)
FNDA:2,(anonymous_9)
FNDA:1,(anonymous_10)
FNDA:0,(anonymous_11)
FNDA:0,(anonymous_12)
FNDA:0,(anonymous_13)
FNDA:0,(anonymous_14)
FNDA:0,(anonymous_15)
FNDA:1,(anonymous_16)
FNDA:0,(anonymous_17)
FNDA:0,(anonymous_18)
DA:1,1
DA:2,1
DA:3,1
DA:4,1
DA:7,1
DA:8,1
DA:11,1
DA:14,1
DA:16,1
DA:17,1
DA:19,1
DA:24,1
DA:25,0
DA:31,1
DA:33,0
DA:36,0
DA:38,0
DA:40,0
DA:47,0
DA:52,0
DA:53,0
DA:56,1
DA:62,1
DA:63,9
DA:64,9
DA:65,6
DA:66,6
DA:67,6
DA:68,6
DA:69,6
DA:72,3
DA:81,1
DA:82,2
DA:83,2
DA:86,2
DA:104,2
DA:105,1
DA:108,1
DA:109,1
DA:110,1
DA:111,1
DA:112,1
DA:114,1
DA:121,1
DA:122,1
DA:124,1
DA:126,1
DA:129,0
DA:133,1
DA:134,0
DA:135,0
DA:141,0
DA:143,0
DA:152,1
DA:153,2
DA:154,2
DA:156,2
DA:158,2
DA:169,2
DA:170,4
DA:171,4
DA:173,4
DA:174,4
DA:175,4
DA:176,4
DA:177,2
DA:179,2
DA:182,4
DA:190,2
DA:192,0
DA:196,1
DA:197,2
DA:200,2
DA:202,2
DA:203,2
DA:204,2
DA:207,2
DA:214,1
DA:215,0
DA:217,1
DA:218,0
DA:220,1
DA:221,0
DA:223,1
DA:224,1
DA:227,1
DA:228,1
DA:231,1
DA:232,1
DA:233,1
DA:235,0
DA:239,1
DA:240,1
DA:243,1
DA:244,1
DA:245,1
DA:247,0
DA:256,1
DA:257,0
DA:259,0
DA:271,0
DA:273,0
DA:277,1
DA:278,0
DA:279,0
DA:280,0
DA:282,0
DA:283,0
DA:284,0
DA:289,0
DA:291,0
DA:292,0
DA:297,0
DA:300,0
DA:301,0
DA:303,0
DA:304,0
DA:313,1
DA:314,0
DA:316,0
DA:318,0
DA:319,0
DA:329,0
DA:333,0
DA:335,0
DA:340,1
DA:341,1
DA:343,1
DA:344,1
DA:345,1
DA:348,0
DA:351,0
DA:356,0
DA:358,0
DA:362,1
DA:363,0
DA:371,1
DA:373,1
DA:374,0
DA:375,0
DA:380,1
LF:141
LH:90
BRDA:38,0,0,0
BRDA:38,0,1,0
BRDA:64,1,0,6
BRDA:64,1,1,3
BRDA:67,2,0,0
BRDA:67,2,1,6
BRDA:104,3,0,1
BRDA:104,3,1,1
BRDA:109,4,0,1
BRDA:109,4,1,0
BRDA:109,5,0,1
BRDA:109,5,1,1
BRDA:110,6,0,0
BRDA:110,6,1,1
BRDA:110,7,0,1
BRDA:110,7,1,0
BRDA:111,8,0,0
BRDA:111,8,1,1
BRDA:111,9,0,1
BRDA:111,9,1,0
BRDA:112,10,0,0
BRDA:112,10,1,1
BRDA:112,11,0,1
BRDA:112,11,1,0
BRDA:121,12,0,1
BRDA:121,12,1,0
BRDA:154,13,0,0
BRDA:154,13,1,2
BRDA:173,14,0,2
BRDA:173,14,1,2
BRDA:173,15,0,4
BRDA:173,15,1,2
BRDA:174,16,0,0
BRDA:174,16,1,4
BRDA:174,17,0,4
BRDA:174,17,1,0
BRDA:175,18,0,0
BRDA:175,18,1,4
BRDA:175,19,0,4
BRDA:175,19,1,0
BRDA:176,20,0,2
BRDA:176,20,1,2
BRDA:176,21,0,4
BRDA:176,21,1,2
BRDA:179,22,0,0
BRDA:179,22,1,2
BRDA:197,23,0,0
BRDA:197,23,1,2
BRDA:204,24,0,2
BRDA:204,24,1,0
BRDA:214,25,0,0
BRDA:214,25,1,1
BRDA:217,26,0,0
BRDA:217,26,1,1
BRDA:220,27,0,0
BRDA:220,27,1,1
BRDA:223,28,0,1
BRDA:223,28,1,0
BRDA:232,29,0,1
BRDA:232,29,1,0
BRDA:244,30,0,0
BRDA:244,30,1,1
BRDA:278,31,0,0
BRDA:278,31,1,0
BRDA:285,32,0,0
BRDA:285,32,1,0
BRDA:291,33,0,0
BRDA:291,33,1,0
BRDA:291,34,0,0
BRDA:291,34,1,0
BRDA:314,35,0,0
BRDA:314,35,1,0
BRDA:314,36,0,0
BRDA:314,36,1,0
BRDA:324,37,0,0
BRDA:324,37,1,0
BRDA:325,38,0,0
BRDA:325,38,1,0
BRDA:326,39,0,0
BRDA:326,39,1,0
BRDA:341,40,0,0
BRDA:341,40,1,1
BRDA:344,41,0,1
BRDA:344,41,1,0
BRDA:344,42,0,1
BRDA:344,42,1,1
BRDA:344,42,2,0
BRDA:373,43,0,0
BRDA:373,43,1,1
BRF:89
BRH:42
end_of_record
TN:
SF:config\database.js
FN:13,(anonymous_0)
FN:14,(anonymous_1)
FNF:2
FNH:1
FNDA:1,(anonymous_0)
FNDA:0,(anonymous_1)
DA:2,1
DA:5,1
DA:12,1
DA:13,1
DA:14,0
DA:16,1
LF:6
LH:5
BRF:0
BRH:0
end_of_record
TN:
SF:models\Admin.js
FNF:0
FNH:0
DA:2,1
DA:3,1
DA:5,1
DA:13,1
LF:4
LH:4
BRF:0
BRH:0
end_of_record
TN:
SF:models\Guru.js
FNF:0
FNH:0
DA:2,1
DA:3,1
DA:5,1
DA:17,1
LF:4
LH:4
BRF:0
BRH:0
end_of_record
TN:
SF:models\Kelas.js
FNF:0
FNH:0
DA:1,1
DA:2,1
DA:4,1
DA:23,1
LF:4
LH:4
BRF:0
BRH:0
end_of_record
TN:
SF:models\Kepsek.js
FNF:0
FNH:0
DA:2,1
DA:3,1
DA:5,1
DA:14,1
LF:4
LH:4
BRF:0
BRH:0
end_of_record
TN:
SF:models\MataPelajaran.js
FNF:0
FNH:0
DA:1,1
DA:2,1
DA:4,1
DA:23,1
LF:4
LH:4
BRF:0
BRH:0
end_of_record
TN:
SF:models\Nilai.js
FNF:0
FNH:0
DA:1,1
DA:2,1
DA:4,1
DA:38,1
LF:4
LH:4
BRF:0
BRH:0
end_of_record
TN:
SF:models\PenugasanGuru.js
FNF:0
FNH:0
DA:1,1
DA:2,1
DA:4,1
DA:27,1
LF:4
LH:4
BRF:0
BRH:0
end_of_record
TN:
SF:models\Siswa.js
FNF:0
FNH:0
DA:2,1
DA:3,1
DA:5,1
DA:17,1
LF:4
LH:4
BRF:0
BRH:0
end_of_record
TN:
SF:models\User.js
FNF:0
FNH:0
DA:2,1
DA:3,1
DA:5,1
DA:15,1
LF:4
LH:4
BRF:0
BRH:0
end_of_record
TN:
SF:models\index.js
FNF:0
FNH:0
DA:1,1
DA:2,1
DA:3,1
DA:4,1
DA:5,1
DA:6,1
DA:7,1
DA:8,1
DA:9,1
DA:14,1
DA:15,1
DA:17,1
DA:18,1
DA:20,1
DA:21,1
DA:23,1
DA:24,1
DA:31,1
DA:32,1
DA:39,1
DA:40,1
DA:46,1
DA:47,1
DA:49,1
DA:50,1
DA:52,1
DA:53,1
DA:59,1
DA:60,1
DA:62,1
DA:63,1
DA:65,1
DA:66,1
DA:72,1
LF:34
LH:34
BRF:0
BRH:0
end_of_record
